<?xml version="1.0" encoding="utf-8" ?>
<!DOCTYPE html PUBLIC "-//W3C//DTD XHTML 1.0 Strict//EN"
        "http://www.w3.org/TR/xhtml1/DTD/xhtml1-strict.dtd">
<html xmlns="http://www.w3.org/1999/xhtml" xml:lang="" lang="">
<head>
  <title>Test Results Report - Smoke</title>
  <meta http-equiv="Content-Type" content="text/html;charset=utf-8" />
  <meta name="description" content="TestNG unit test results." />
  <link href="reportng.css" rel="stylesheet" type="text/css" />
    <script type="text/javascript" src="reportng.js"></script>
</head>
<body>
<h1>Smoke</h1>
<p>
  Test duration: 191.375s
</p>



  <table class="resultsTable">
    <tr><th colspan="3" class="header failed">Failed Tests</th></tr>
          <tr>
        <td colspan="3" class="group">uk.co.library.testsuite.JobSearchTest</td>
      </tr>
            
<tr>
  <td class="method">
                  verifyJobSearchResultUsingDifferentDataSet
      </td>
  <td class="duration">
    2.847s
  </td>
  <td class="result">
        
          <i>Method arguments: </i><span class="arguments">"Driver", "Harrow Green, Suffolk", "up to 35 miles", "25000", "45000", "Per month", "Any", "Driver jobs in Harrow Green"</span><br />
    
            <div class="testOutput">
                        Enter jobtitle Driver to jobtitle field [[ChromeDriver: chrome on WINDOWS (d39e912d37fd2f3ac42fb7eb2e93796c)] -&gt; xpath: //input[@id=&apos;keywords&apos;]]&lt;br&gt;<br />
                                Enter location Harrow Green, Suffolk to location field [[ChromeDriver: chrome on WINDOWS (d39e912d37fd2f3ac42fb7eb2e93796c)] -&gt; xpath: //input[@id=&apos;location&apos;]]&lt;br&gt;<br />
                                Select distance up to 35 miles from distsance dropdown [[ChromeDriver: chrome on WINDOWS (d39e912d37fd2f3ac42fb7eb2e93796c)] -&gt; xpath: //select[@id=&apos;distance&apos;]]&lt;br&gt;<br />
                                Click on more search option [[ChromeDriver: chrome on WINDOWS (d39e912d37fd2f3ac42fb7eb2e93796c)] -&gt; xpath: //button[@id=&apos;toggle-hp-search&apos;]]&lt;br&gt;<br />
                  </div>
    

        <a href="javascript:toggleElement('exception-0', 'block')" title="Click to expand/collapse"><b>org.openqa.selenium.ElementClickInterceptedException: element click intercepted: Element &lt;button type=&quot;button&quot; id=&quot;toggle-hp-search&quot; aria-expanded=&quot;false&quot;&gt;...&lt;/button&gt; is not clickable at point (203, 342). Other element would receive the click: &lt;div class=&quot;autocomplete-suggestion&quot; data-val=&quot;Driver&quot;&gt;...&lt;/div&gt;<br/>
&nbsp; (Session info: chrome=101.0.4951.54)<br/>
Build info: version: &apos;4.1.4&apos;, revision: &apos;535d840ee2&apos;<br/>
System info: host: &apos;DESKTOP-PM2RI3U&apos;, ip: &apos;192.168.0.11&apos;, os.name: &apos;Windows 10&apos;, os.arch: &apos;amd64&apos;, os.version: &apos;10.0&apos;, java.version: &apos;1.8.0_202&apos;<br/>
Driver info: org.openqa.selenium.chrome.ChromeDriver<br/>
Command: [d39e912d37fd2f3ac42fb7eb2e93796c, clickElement {id=b49f353d-47bd-4997-acae-3bc5e6acddb8}]<br/>
Capabilities {acceptInsecureCerts: false, browserName: chrome, browserVersion: 101.0.4951.54, chrome: {chromedriverVersion: 101.0.4951.41 (93c720db8323..., userDataDir: C:\Users\rinky\AppData\Loca...}, goog:chromeOptions: {debuggerAddress: localhost:62174}, javascriptEnabled: true, networkConnectionEnabled: false, pageLoadStrategy: normal, platform: WINDOWS, platformName: WINDOWS, proxy: Proxy(), se:cdp: ws://localhost:62174/devtoo..., se:cdpVersion: 101.0.4951.54, setWindowRect: true, strictFileInteractability: false, timeouts: {implicit: 0, pageLoad: 300000, script: 30000}, unhandledPromptBehavior: dismiss and notify, webauthn:extension:credBlob: true, webauthn:extension:largeBlob: true, webauthn:virtualAuthenticators: true}<br/>
Element: [[ChromeDriver: chrome on WINDOWS (d39e912d37fd2f3ac42fb7eb2e93796c)] -&gt; xpath: //button[@id=&apos;toggle-hp-search&apos;]]<br/>
Session ID: d39e912d37fd2f3ac42fb7eb2e93796c</b></a><br />
    <div class="stackTrace" id="exception-0">
              sun.reflect.NativeConstructorAccessorImpl.newInstance0(Native Method)<br />
              sun.reflect.NativeConstructorAccessorImpl.newInstance(NativeConstructorAccessorImpl.java:62)<br />
              sun.reflect.DelegatingConstructorAccessorImpl.newInstance(DelegatingConstructorAccessorImpl.java:45)<br />
              java.lang.reflect.Constructor.newInstance(Constructor.java:423)<br />
              org.openqa.selenium.remote.codec.w3c.W3CHttpResponseCodec.createException(W3CHttpResponseCodec.java:200)<br />
              org.openqa.selenium.remote.codec.w3c.W3CHttpResponseCodec.decode(W3CHttpResponseCodec.java:133)<br />
              org.openqa.selenium.remote.codec.w3c.W3CHttpResponseCodec.decode(W3CHttpResponseCodec.java:53)<br />
              org.openqa.selenium.remote.HttpCommandExecutor.execute(HttpCommandExecutor.java:184)<br />
              org.openqa.selenium.remote.service.DriverCommandExecutor.invokeExecute(DriverCommandExecutor.java:167)<br />
              org.openqa.selenium.remote.service.DriverCommandExecutor.execute(DriverCommandExecutor.java:142)<br />
              org.openqa.selenium.remote.RemoteWebDriver.execute(RemoteWebDriver.java:567)<br />
              org.openqa.selenium.remote.RemoteWebElement.execute(RemoteWebElement.java:251)<br />
              org.openqa.selenium.remote.RemoteWebElement.click(RemoteWebElement.java:77)<br />
              sun.reflect.NativeMethodAccessorImpl.invoke0(Native Method)<br />
              sun.reflect.NativeMethodAccessorImpl.invoke(NativeMethodAccessorImpl.java:62)<br />
              sun.reflect.DelegatingMethodAccessorImpl.invoke(DelegatingMethodAccessorImpl.java:43)<br />
              java.lang.reflect.Method.invoke(Method.java:498)<br />
              org.openqa.selenium.support.pagefactory.internal.LocatingElementHandler.invoke(LocatingElementHandler.java:52)<br />
              com.sun.proxy.$Proxy15.click(Unknown Source)<br />
              uk.co.library.utility.Utility.clickOnElement(Utility.java:56)<br />
              uk.co.library.pages.HomePage.clickOnMoreSearchOptionLink(HomePage.java:70)<br />
              uk.co.library.testsuite.JobSearchTest.verifyJobSearchResultUsingDifferentDataSet(JobSearchTest.java:28)<br />
              sun.reflect.NativeMethodAccessorImpl.invoke0(Native Method)<br />
              sun.reflect.NativeMethodAccessorImpl.invoke(NativeMethodAccessorImpl.java:62)<br />
              sun.reflect.DelegatingMethodAccessorImpl.invoke(DelegatingMethodAccessorImpl.java:43)<br />
              java.lang.reflect.Method.invoke(Method.java:498)<br />
              org.testng.internal.invokers.MethodInvocationHelper.invokeMethod(MethodInvocationHelper.java:135)<br />
              org.testng.internal.invokers.TestInvoker.invokeMethod(TestInvoker.java:673)<br />
              org.testng.internal.invokers.TestInvoker.invokeTestMethod(TestInvoker.java:220)<br />
              org.testng.internal.invokers.MethodRunner.runInSequence(MethodRunner.java:50)<br />
              org.testng.internal.invokers.TestInvoker$MethodInvocationAgent.invoke(TestInvoker.java:945)<br />
              org.testng.internal.invokers.TestInvoker.invokeTestMethods(TestInvoker.java:193)<br />
              org.testng.internal.invokers.TestMethodWorker.invokeTestMethods(TestMethodWorker.java:146)<br />
              org.testng.internal.invokers.TestMethodWorker.run(TestMethodWorker.java:128)<br />
              java.util.ArrayList.forEach(ArrayList.java:1257)<br />
              org.testng.TestRunner.privateRun(TestRunner.java:808)<br />
              org.testng.TestRunner.run(TestRunner.java:603)<br />
              org.testng.SuiteRunner.runTest(SuiteRunner.java:429)<br />
              org.testng.SuiteRunner.runSequentially(SuiteRunner.java:423)<br />
              org.testng.SuiteRunner.privateRun(SuiteRunner.java:383)<br />
              org.testng.SuiteRunner.run(SuiteRunner.java:326)<br />
              org.testng.SuiteRunnerWorker.runSuite(SuiteRunnerWorker.java:52)<br />
              org.testng.SuiteRunnerWorker.run(SuiteRunnerWorker.java:95)<br />
              org.testng.TestNG.runSuitesSequentially(TestNG.java:1249)<br />
              org.testng.TestNG.runSuitesLocally(TestNG.java:1169)<br />
              org.testng.TestNG.runSuites(TestNG.java:1092)<br />
              org.testng.TestNG.run(TestNG.java:1060)<br />
              com.intellij.rt.testng.IDEARemoteTestNG.run(IDEARemoteTestNG.java:66)<br />
              com.intellij.rt.testng.RemoteTestNGStarter.main(RemoteTestNGStarter.java:109)<br />
                </div>
      </td>
</tr>
<tr>
  <td class="method">
                  verifyJobSearchResultUsingDifferentDataSet
      </td>
  <td class="duration">
    40.341s
  </td>
  <td class="result">
        
          <i>Method arguments: </i><span class="arguments">"Nurse", "Glasgow, Glasgow City", "up to 15 miles", "45000", "70000", "Per month", "Any", "Nurse jobs in Glasgow"</span><br />
    
            <div class="testOutput">
                        Enter jobtitle Nurse to jobtitle field Proxy element for: DefaultElementLocator &apos;By.xpath: //input[@id=&apos;keywords&apos;]&apos;&lt;br&gt;<br />
                  </div>
    

        <a href="javascript:toggleElement('exception-1', 'block')" title="Click to expand/collapse"><b>org.openqa.selenium.NoSuchElementException: no such element: Unable to locate element: {&quot;method&quot;:&quot;xpath&quot;,&quot;selector&quot;:&quot;//input[@id=&apos;keywords&apos;]&quot;}<br/>
&nbsp; (Session info: chrome=101.0.4951.54)<br/>
For documentation on this error, please visit: https://selenium.dev/exceptions/#no_such_element<br/>
Build info: version: &apos;4.1.4&apos;, revision: &apos;535d840ee2&apos;<br/>
System info: host: &apos;DESKTOP-PM2RI3U&apos;, ip: &apos;192.168.0.11&apos;, os.name: &apos;Windows 10&apos;, os.arch: &apos;amd64&apos;, os.version: &apos;10.0&apos;, java.version: &apos;1.8.0_202&apos;<br/>
Driver info: org.openqa.selenium.chrome.ChromeDriver<br/>
Command: [a49ab2ffd7d8de33e0cab65a0eba382a, findElement {using=xpath, value=//input[@id=&apos;keywords&apos;]}]<br/>
Capabilities {acceptInsecureCerts: false, browserName: chrome, browserVersion: 101.0.4951.54, chrome: {chromedriverVersion: 101.0.4951.41 (93c720db8323..., userDataDir: C:\Users\rinky\AppData\Loca...}, goog:chromeOptions: {debuggerAddress: localhost:63793}, javascriptEnabled: true, networkConnectionEnabled: false, pageLoadStrategy: normal, platform: WINDOWS, platformName: WINDOWS, proxy: Proxy(), se:cdp: ws://localhost:63793/devtoo..., se:cdpVersion: 101.0.4951.54, setWindowRect: true, strictFileInteractability: false, timeouts: {implicit: 0, pageLoad: 300000, script: 30000}, unhandledPromptBehavior: dismiss and notify, webauthn:extension:credBlob: true, webauthn:extension:largeBlob: true, webauthn:virtualAuthenticators: true}<br/>
Session ID: a49ab2ffd7d8de33e0cab65a0eba382a</b></a><br />
    <div class="stackTrace" id="exception-1">
              sun.reflect.NativeConstructorAccessorImpl.newInstance0(Native Method)<br />
              sun.reflect.NativeConstructorAccessorImpl.newInstance(NativeConstructorAccessorImpl.java:62)<br />
              sun.reflect.DelegatingConstructorAccessorImpl.newInstance(DelegatingConstructorAccessorImpl.java:45)<br />
              java.lang.reflect.Constructor.newInstance(Constructor.java:423)<br />
              org.openqa.selenium.remote.codec.w3c.W3CHttpResponseCodec.createException(W3CHttpResponseCodec.java:200)<br />
              org.openqa.selenium.remote.codec.w3c.W3CHttpResponseCodec.decode(W3CHttpResponseCodec.java:133)<br />
              org.openqa.selenium.remote.codec.w3c.W3CHttpResponseCodec.decode(W3CHttpResponseCodec.java:53)<br />
              org.openqa.selenium.remote.HttpCommandExecutor.execute(HttpCommandExecutor.java:184)<br />
              org.openqa.selenium.remote.service.DriverCommandExecutor.invokeExecute(DriverCommandExecutor.java:167)<br />
              org.openqa.selenium.remote.service.DriverCommandExecutor.execute(DriverCommandExecutor.java:142)<br />
              org.openqa.selenium.remote.RemoteWebDriver.execute(RemoteWebDriver.java:567)<br />
              org.openqa.selenium.remote.ElementLocation$ElementFinder$2.findElement(ElementLocation.java:162)<br />
              org.openqa.selenium.remote.ElementLocation.findElement(ElementLocation.java:60)<br />
              org.openqa.selenium.remote.RemoteWebDriver.findElement(RemoteWebDriver.java:385)<br />
              org.openqa.selenium.remote.RemoteWebDriver.findElement(RemoteWebDriver.java:377)<br />
              org.openqa.selenium.support.pagefactory.DefaultElementLocator.findElement(DefaultElementLocator.java:70)<br />
              org.openqa.selenium.support.pagefactory.internal.LocatingElementHandler.invoke(LocatingElementHandler.java:39)<br />
              com.sun.proxy.$Proxy15.sendKeys(Unknown Source)<br />
              uk.co.library.utility.Utility.sendTextToElement(Utility.java:78)<br />
              uk.co.library.pages.HomePage.enterJobTitle(HomePage.java:58)<br />
              uk.co.library.testsuite.JobSearchTest.verifyJobSearchResultUsingDifferentDataSet(JobSearchTest.java:25)<br />
              sun.reflect.NativeMethodAccessorImpl.invoke0(Native Method)<br />
              sun.reflect.NativeMethodAccessorImpl.invoke(NativeMethodAccessorImpl.java:62)<br />
              sun.reflect.DelegatingMethodAccessorImpl.invoke(DelegatingMethodAccessorImpl.java:43)<br />
              java.lang.reflect.Method.invoke(Method.java:498)<br />
              org.testng.internal.invokers.MethodInvocationHelper.invokeMethod(MethodInvocationHelper.java:135)<br />
              org.testng.internal.invokers.TestInvoker.invokeMethod(TestInvoker.java:673)<br />
              org.testng.internal.invokers.TestInvoker.invokeTestMethod(TestInvoker.java:220)<br />
              org.testng.internal.invokers.MethodRunner.runInSequence(MethodRunner.java:50)<br />
              org.testng.internal.invokers.TestInvoker$MethodInvocationAgent.invoke(TestInvoker.java:945)<br />
              org.testng.internal.invokers.TestInvoker.invokeTestMethods(TestInvoker.java:193)<br />
              org.testng.internal.invokers.TestMethodWorker.invokeTestMethods(TestMethodWorker.java:146)<br />
              org.testng.internal.invokers.TestMethodWorker.run(TestMethodWorker.java:128)<br />
              java.util.ArrayList.forEach(ArrayList.java:1257)<br />
              org.testng.TestRunner.privateRun(TestRunner.java:808)<br />
              org.testng.TestRunner.run(TestRunner.java:603)<br />
              org.testng.SuiteRunner.runTest(SuiteRunner.java:429)<br />
              org.testng.SuiteRunner.runSequentially(SuiteRunner.java:423)<br />
              org.testng.SuiteRunner.privateRun(SuiteRunner.java:383)<br />
              org.testng.SuiteRunner.run(SuiteRunner.java:326)<br />
              org.testng.SuiteRunnerWorker.runSuite(SuiteRunnerWorker.java:52)<br />
              org.testng.SuiteRunnerWorker.run(SuiteRunnerWorker.java:95)<br />
              org.testng.TestNG.runSuitesSequentially(TestNG.java:1249)<br />
              org.testng.TestNG.runSuitesLocally(TestNG.java:1169)<br />
              org.testng.TestNG.runSuites(TestNG.java:1092)<br />
              org.testng.TestNG.run(TestNG.java:1060)<br />
              com.intellij.rt.testng.IDEARemoteTestNG.run(IDEARemoteTestNG.java:66)<br />
              com.intellij.rt.testng.RemoteTestNGStarter.main(RemoteTestNGStarter.java:109)<br />
                </div>
      </td>
</tr>
<tr>
  <td class="method">
                  verifyJobSearchResultUsingDifferentDataSet
      </td>
  <td class="duration">
    40.379s
  </td>
  <td class="result">
        
          <i>Method arguments: </i><span class="arguments">"Tester", "Harrow", "up to 5 miles", "30000", "500000", "Per annum", "Permanent", "Permanent Tester jobs in Harrow on the Hill"</span><br />
    
            <div class="testOutput">
                        Enter jobtitle Tester to jobtitle field Proxy element for: DefaultElementLocator &apos;By.xpath: //input[@id=&apos;keywords&apos;]&apos;&lt;br&gt;<br />
                  </div>
    

        <a href="javascript:toggleElement('exception-2', 'block')" title="Click to expand/collapse"><b>org.openqa.selenium.NoSuchElementException: no such element: Unable to locate element: {&quot;method&quot;:&quot;xpath&quot;,&quot;selector&quot;:&quot;//input[@id=&apos;keywords&apos;]&quot;}<br/>
&nbsp; (Session info: chrome=101.0.4951.54)<br/>
For documentation on this error, please visit: https://selenium.dev/exceptions/#no_such_element<br/>
Build info: version: &apos;4.1.4&apos;, revision: &apos;535d840ee2&apos;<br/>
System info: host: &apos;DESKTOP-PM2RI3U&apos;, ip: &apos;192.168.0.11&apos;, os.name: &apos;Windows 10&apos;, os.arch: &apos;amd64&apos;, os.version: &apos;10.0&apos;, java.version: &apos;1.8.0_202&apos;<br/>
Driver info: org.openqa.selenium.chrome.ChromeDriver<br/>
Command: [b12f83286af3e4ca2d0f98e4445a41a4, findElement {using=xpath, value=//input[@id=&apos;keywords&apos;]}]<br/>
Capabilities {acceptInsecureCerts: false, browserName: chrome, browserVersion: 101.0.4951.54, chrome: {chromedriverVersion: 101.0.4951.41 (93c720db8323..., userDataDir: C:\Users\rinky\AppData\Loca...}, goog:chromeOptions: {debuggerAddress: localhost:60715}, javascriptEnabled: true, networkConnectionEnabled: false, pageLoadStrategy: normal, platform: WINDOWS, platformName: WINDOWS, proxy: Proxy(), se:cdp: ws://localhost:60715/devtoo..., se:cdpVersion: 101.0.4951.54, setWindowRect: true, strictFileInteractability: false, timeouts: {implicit: 0, pageLoad: 300000, script: 30000}, unhandledPromptBehavior: dismiss and notify, webauthn:extension:credBlob: true, webauthn:extension:largeBlob: true, webauthn:virtualAuthenticators: true}<br/>
Session ID: b12f83286af3e4ca2d0f98e4445a41a4</b></a><br />
    <div class="stackTrace" id="exception-2">
              sun.reflect.NativeConstructorAccessorImpl.newInstance0(Native Method)<br />
              sun.reflect.NativeConstructorAccessorImpl.newInstance(NativeConstructorAccessorImpl.java:62)<br />
              sun.reflect.DelegatingConstructorAccessorImpl.newInstance(DelegatingConstructorAccessorImpl.java:45)<br />
              java.lang.reflect.Constructor.newInstance(Constructor.java:423)<br />
              org.openqa.selenium.remote.codec.w3c.W3CHttpResponseCodec.createException(W3CHttpResponseCodec.java:200)<br />
              org.openqa.selenium.remote.codec.w3c.W3CHttpResponseCodec.decode(W3CHttpResponseCodec.java:133)<br />
              org.openqa.selenium.remote.codec.w3c.W3CHttpResponseCodec.decode(W3CHttpResponseCodec.java:53)<br />
              org.openqa.selenium.remote.HttpCommandExecutor.execute(HttpCommandExecutor.java:184)<br />
              org.openqa.selenium.remote.service.DriverCommandExecutor.invokeExecute(DriverCommandExecutor.java:167)<br />
              org.openqa.selenium.remote.service.DriverCommandExecutor.execute(DriverCommandExecutor.java:142)<br />
              org.openqa.selenium.remote.RemoteWebDriver.execute(RemoteWebDriver.java:567)<br />
              org.openqa.selenium.remote.ElementLocation$ElementFinder$2.findElement(ElementLocation.java:162)<br />
              org.openqa.selenium.remote.ElementLocation.findElement(ElementLocation.java:60)<br />
              org.openqa.selenium.remote.RemoteWebDriver.findElement(RemoteWebDriver.java:385)<br />
              org.openqa.selenium.remote.RemoteWebDriver.findElement(RemoteWebDriver.java:377)<br />
              org.openqa.selenium.support.pagefactory.DefaultElementLocator.findElement(DefaultElementLocator.java:70)<br />
              org.openqa.selenium.support.pagefactory.internal.LocatingElementHandler.invoke(LocatingElementHandler.java:39)<br />
              com.sun.proxy.$Proxy15.sendKeys(Unknown Source)<br />
              uk.co.library.utility.Utility.sendTextToElement(Utility.java:78)<br />
              uk.co.library.pages.HomePage.enterJobTitle(HomePage.java:58)<br />
              uk.co.library.testsuite.JobSearchTest.verifyJobSearchResultUsingDifferentDataSet(JobSearchTest.java:25)<br />
              sun.reflect.NativeMethodAccessorImpl.invoke0(Native Method)<br />
              sun.reflect.NativeMethodAccessorImpl.invoke(NativeMethodAccessorImpl.java:62)<br />
              sun.reflect.DelegatingMethodAccessorImpl.invoke(DelegatingMethodAccessorImpl.java:43)<br />
              java.lang.reflect.Method.invoke(Method.java:498)<br />
              org.testng.internal.invokers.MethodInvocationHelper.invokeMethod(MethodInvocationHelper.java:135)<br />
              org.testng.internal.invokers.TestInvoker.invokeMethod(TestInvoker.java:673)<br />
              org.testng.internal.invokers.TestInvoker.invokeTestMethod(TestInvoker.java:220)<br />
              org.testng.internal.invokers.MethodRunner.runInSequence(MethodRunner.java:50)<br />
              org.testng.internal.invokers.TestInvoker$MethodInvocationAgent.invoke(TestInvoker.java:945)<br />
              org.testng.internal.invokers.TestInvoker.invokeTestMethods(TestInvoker.java:193)<br />
              org.testng.internal.invokers.TestMethodWorker.invokeTestMethods(TestMethodWorker.java:146)<br />
              org.testng.internal.invokers.TestMethodWorker.run(TestMethodWorker.java:128)<br />
              java.util.ArrayList.forEach(ArrayList.java:1257)<br />
              org.testng.TestRunner.privateRun(TestRunner.java:808)<br />
              org.testng.TestRunner.run(TestRunner.java:603)<br />
              org.testng.SuiteRunner.runTest(SuiteRunner.java:429)<br />
              org.testng.SuiteRunner.runSequentially(SuiteRunner.java:423)<br />
              org.testng.SuiteRunner.privateRun(SuiteRunner.java:383)<br />
              org.testng.SuiteRunner.run(SuiteRunner.java:326)<br />
              org.testng.SuiteRunnerWorker.runSuite(SuiteRunnerWorker.java:52)<br />
              org.testng.SuiteRunnerWorker.run(SuiteRunnerWorker.java:95)<br />
              org.testng.TestNG.runSuitesSequentially(TestNG.java:1249)<br />
              org.testng.TestNG.runSuitesLocally(TestNG.java:1169)<br />
              org.testng.TestNG.runSuites(TestNG.java:1092)<br />
              org.testng.TestNG.run(TestNG.java:1060)<br />
              com.intellij.rt.testng.IDEARemoteTestNG.run(IDEARemoteTestNG.java:66)<br />
              com.intellij.rt.testng.RemoteTestNGStarter.main(RemoteTestNGStarter.java:109)<br />
                </div>
      </td>
</tr>
      </table>


  <table class="resultsTable">
    <tr><th colspan="3" class="header passed">Passed Tests</th></tr>
          <tr>
        <td colspan="3" class="group">uk.co.library.testsuite.JobSearchTest</td>
      </tr>
            
<tr>
  <td class="method">
                  verifyJobSearchResultUsingDifferentDataSet
      </td>
  <td class="duration">
    12.309s
  </td>
  <td class="result">
        
          <i>Method arguments: </i><span class="arguments">"Internal Sales Executive", "Edmonton, Greater London", "up to 25 miles", "35000", "70000", "Per month", "Any", "Internal Sales Executive jobs in Edmonton"</span><br />
    
            <div class="testOutput">
                        Enter jobtitle Internal Sales Executive to jobtitle field [[ChromeDriver: chrome on WINDOWS (d73a816ee4e1e6be6c493cc2fb0c6c8b)] -&gt; xpath: //input[@id=&apos;keywords&apos;]]&lt;br&gt;<br />
                                Enter location Edmonton, Greater London to location field [[ChromeDriver: chrome on WINDOWS (d73a816ee4e1e6be6c493cc2fb0c6c8b)] -&gt; xpath: //input[@id=&apos;location&apos;]]&lt;br&gt;<br />
                                Select distance up to 25 miles from distsance dropdown [[ChromeDriver: chrome on WINDOWS (d73a816ee4e1e6be6c493cc2fb0c6c8b)] -&gt; xpath: //select[@id=&apos;distance&apos;]]&lt;br&gt;<br />
                                Click on more search option [[ChromeDriver: chrome on WINDOWS (d73a816ee4e1e6be6c493cc2fb0c6c8b)] -&gt; xpath: //button[@id=&apos;toggle-hp-search&apos;]]&lt;br&gt;<br />
                                Enter min Salary 35000 to minimum salary field [[ChromeDriver: chrome on WINDOWS (d73a816ee4e1e6be6c493cc2fb0c6c8b)] -&gt; xpath: //input[@id=&apos;salarymin&apos;]]&lt;br&gt;<br />
                                Enter max Salary 70000 to maximum salary field [[ChromeDriver: chrome on WINDOWS (d73a816ee4e1e6be6c493cc2fb0c6c8b)] -&gt; xpath: //input[@id=&apos;salarymax&apos;]]&lt;br&gt;<br />
                                Select Salary Type Per month from salary type dropdown [[ChromeDriver: chrome on WINDOWS (d73a816ee4e1e6be6c493cc2fb0c6c8b)] -&gt; xpath: //select[@id=&apos;salarytype&apos;]]&lt;br&gt;<br />
                                Select Job Type Any from job type dropdown [[ChromeDriver: chrome on WINDOWS (d73a816ee4e1e6be6c493cc2fb0c6c8b)] -&gt; xpath: //select[@id=&apos;tempperm&apos;]]&lt;br&gt;<br />
                                Click on FindJob button[[ChromeDriver: chrome on WINDOWS (d73a816ee4e1e6be6c493cc2fb0c6c8b)] -&gt; xpath: //input[@id=&apos;hp-search-btn&apos;]]&lt;br&gt;<br />
                                Get text of find job result[[ChromeDriver: chrome on WINDOWS (d73a816ee4e1e6be6c493cc2fb0c6c8b)] -&gt; tag name: h1]&lt;br&gt;<br />
                  </div>
    

      </td>
</tr>
<tr>
  <td class="method">
                  verifyJobSearchResultUsingDifferentDataSet
      </td>
  <td class="duration">
    10.789s
  </td>
  <td class="result">
        
          <i>Method arguments: </i><span class="arguments">"Tester", "London", "up to 25 miles", "45000", "70000", "Per month", "Any", "Tester jobs in London"</span><br />
    
            <div class="testOutput">
                        Enter jobtitle Tester to jobtitle field [[ChromeDriver: chrome on WINDOWS (71489f8a3e034caef8dfe5780bc3ca06)] -&gt; xpath: //input[@id=&apos;keywords&apos;]]&lt;br&gt;<br />
                                Enter location London to location field [[ChromeDriver: chrome on WINDOWS (71489f8a3e034caef8dfe5780bc3ca06)] -&gt; xpath: //input[@id=&apos;location&apos;]]&lt;br&gt;<br />
                                Select distance up to 25 miles from distsance dropdown [[ChromeDriver: chrome on WINDOWS (71489f8a3e034caef8dfe5780bc3ca06)] -&gt; xpath: //select[@id=&apos;distance&apos;]]&lt;br&gt;<br />
                                Click on more search option [[ChromeDriver: chrome on WINDOWS (71489f8a3e034caef8dfe5780bc3ca06)] -&gt; xpath: //button[@id=&apos;toggle-hp-search&apos;]]&lt;br&gt;<br />
                                Enter min Salary 45000 to minimum salary field [[ChromeDriver: chrome on WINDOWS (71489f8a3e034caef8dfe5780bc3ca06)] -&gt; xpath: //input[@id=&apos;salarymin&apos;]]&lt;br&gt;<br />
                                Enter max Salary 70000 to maximum salary field [[ChromeDriver: chrome on WINDOWS (71489f8a3e034caef8dfe5780bc3ca06)] -&gt; xpath: //input[@id=&apos;salarymax&apos;]]&lt;br&gt;<br />
                                Select Salary Type Per month from salary type dropdown [[ChromeDriver: chrome on WINDOWS (71489f8a3e034caef8dfe5780bc3ca06)] -&gt; xpath: //select[@id=&apos;salarytype&apos;]]&lt;br&gt;<br />
                                Select Job Type Any from job type dropdown [[ChromeDriver: chrome on WINDOWS (71489f8a3e034caef8dfe5780bc3ca06)] -&gt; xpath: //select[@id=&apos;tempperm&apos;]]&lt;br&gt;<br />
                                Click on FindJob button[[ChromeDriver: chrome on WINDOWS (71489f8a3e034caef8dfe5780bc3ca06)] -&gt; xpath: //input[@id=&apos;hp-search-btn&apos;]]&lt;br&gt;<br />
                                Get text of find job result[[ChromeDriver: chrome on WINDOWS (71489f8a3e034caef8dfe5780bc3ca06)] -&gt; tag name: h1]&lt;br&gt;<br />
                  </div>
    

      </td>
</tr>
<tr>
  <td class="method">
                  verifyJobSearchResultUsingDifferentDataSet
      </td>
  <td class="duration">
    30.381s
  </td>
  <td class="result">
        
          <i>Method arguments: </i><span class="arguments">"Recruitment Administrator", "Norfolk", "up to 75 miles", "25000", "50000", "Per month", "Any", "Recruitment Administrator jobs in Norfolk"</span><br />
    
            <div class="testOutput">
                        Enter jobtitle Recruitment Administrator to jobtitle field [[ChromeDriver: chrome on WINDOWS (c7bdea0b6f20f3f495722bf7296ab80c)] -&gt; xpath: //input[@id=&apos;keywords&apos;]]&lt;br&gt;<br />
                                Enter location Norfolk to location field [[ChromeDriver: chrome on WINDOWS (c7bdea0b6f20f3f495722bf7296ab80c)] -&gt; xpath: //input[@id=&apos;location&apos;]]&lt;br&gt;<br />
                                Select distance up to 75 miles from distsance dropdown [[ChromeDriver: chrome on WINDOWS (c7bdea0b6f20f3f495722bf7296ab80c)] -&gt; xpath: //select[@id=&apos;distance&apos;]]&lt;br&gt;<br />
                                Click on more search option [[ChromeDriver: chrome on WINDOWS (c7bdea0b6f20f3f495722bf7296ab80c)] -&gt; xpath: //button[@id=&apos;toggle-hp-search&apos;]]&lt;br&gt;<br />
                                Enter min Salary 25000 to minimum salary field [[ChromeDriver: chrome on WINDOWS (c7bdea0b6f20f3f495722bf7296ab80c)] -&gt; xpath: //input[@id=&apos;salarymin&apos;]]&lt;br&gt;<br />
                                Enter max Salary 50000 to maximum salary field [[ChromeDriver: chrome on WINDOWS (c7bdea0b6f20f3f495722bf7296ab80c)] -&gt; xpath: //input[@id=&apos;salarymax&apos;]]&lt;br&gt;<br />
                                Select Salary Type Per month from salary type dropdown [[ChromeDriver: chrome on WINDOWS (c7bdea0b6f20f3f495722bf7296ab80c)] -&gt; xpath: //select[@id=&apos;salarytype&apos;]]&lt;br&gt;<br />
                                Select Job Type Any from job type dropdown [[ChromeDriver: chrome on WINDOWS (c7bdea0b6f20f3f495722bf7296ab80c)] -&gt; xpath: //select[@id=&apos;tempperm&apos;]]&lt;br&gt;<br />
                                Click on FindJob button[[ChromeDriver: chrome on WINDOWS (c7bdea0b6f20f3f495722bf7296ab80c)] -&gt; xpath: //input[@id=&apos;hp-search-btn&apos;]]&lt;br&gt;<br />
                                Get text of find job result[[ChromeDriver: chrome on WINDOWS (c7bdea0b6f20f3f495722bf7296ab80c)] -&gt; tag name: h1]&lt;br&gt;<br />
                  </div>
    

      </td>
</tr>
<tr>
  <td class="method">
                  verifyJobSearchResultUsingDifferentDataSet
      </td>
  <td class="duration">
    10.471s
  </td>
  <td class="result">
        
          <i>Method arguments: </i><span class="arguments">"Software Tester", "London", "up to 50 miles", "45000", "70000", "Per month", "Any", "Software Tester jobs in London"</span><br />
    
            <div class="testOutput">
                        Enter jobtitle Software Tester to jobtitle field [[ChromeDriver: chrome on WINDOWS (fe81f13695bc314992fcac48c32ef01b)] -&gt; xpath: //input[@id=&apos;keywords&apos;]]&lt;br&gt;<br />
                                Enter location London to location field [[ChromeDriver: chrome on WINDOWS (fe81f13695bc314992fcac48c32ef01b)] -&gt; xpath: //input[@id=&apos;location&apos;]]&lt;br&gt;<br />
                                Select distance up to 50 miles from distsance dropdown [[ChromeDriver: chrome on WINDOWS (fe81f13695bc314992fcac48c32ef01b)] -&gt; xpath: //select[@id=&apos;distance&apos;]]&lt;br&gt;<br />
                                Click on more search option [[ChromeDriver: chrome on WINDOWS (fe81f13695bc314992fcac48c32ef01b)] -&gt; xpath: //button[@id=&apos;toggle-hp-search&apos;]]&lt;br&gt;<br />
                                Enter min Salary 45000 to minimum salary field [[ChromeDriver: chrome on WINDOWS (fe81f13695bc314992fcac48c32ef01b)] -&gt; xpath: //input[@id=&apos;salarymin&apos;]]&lt;br&gt;<br />
                                Enter max Salary 70000 to maximum salary field [[ChromeDriver: chrome on WINDOWS (fe81f13695bc314992fcac48c32ef01b)] -&gt; xpath: //input[@id=&apos;salarymax&apos;]]&lt;br&gt;<br />
                                Select Salary Type Per month from salary type dropdown [[ChromeDriver: chrome on WINDOWS (fe81f13695bc314992fcac48c32ef01b)] -&gt; xpath: //select[@id=&apos;salarytype&apos;]]&lt;br&gt;<br />
                                Select Job Type Any from job type dropdown [[ChromeDriver: chrome on WINDOWS (fe81f13695bc314992fcac48c32ef01b)] -&gt; xpath: //select[@id=&apos;tempperm&apos;]]&lt;br&gt;<br />
                                Click on FindJob button[[ChromeDriver: chrome on WINDOWS (fe81f13695bc314992fcac48c32ef01b)] -&gt; xpath: //input[@id=&apos;hp-search-btn&apos;]]&lt;br&gt;<br />
                                Get text of find job result[[ChromeDriver: chrome on WINDOWS (fe81f13695bc314992fcac48c32ef01b)] -&gt; tag name: h1]&lt;br&gt;<br />
                  </div>
    

      </td>
</tr>
      </table>
  
</body>
</html>
